<?xml version="1.0" encoding="UTF-8"?>
<testng-results ignored="0" total="1" passed="1" failed="0" skipped="0">
  <reporter-output>
  </reporter-output>
  <suite started-at="2024-10-11T00:24:47 IST" name="Default suite" finished-at="2024-10-11T00:24:48 IST" duration-ms="1471">
    <groups>
    </groups>
    <test started-at="2024-10-11T00:24:47 IST" name="Default test" finished-at="2024-10-11T00:24:48 IST" duration-ms="1471">
      <class name="paylods.SumOfCoursesPrice">
        <test-method signature="coursePriceSum()[pri:0, instance:paylods.SumOfCoursesPrice@29d89d5d]" started-at="2024-10-11T00:24:47 IST" name="coursePriceSum" finished-at="2024-10-11T00:24:48 IST" duration-ms="1429" status="PASS">
          <reporter-output>
          </reporter-output>
        </test-method> <!-- coursePriceSum -->
      </class> <!-- paylods.SumOfCoursesPrice -->
    </test> <!-- Default test -->
  </suite> <!-- Default suite -->
</testng-results>
